<?xml version="1.0" encoding="UTF-8"?>
<robot generator="Robot 7.3.2 (Python 3.12.3 on linux)" generated="2025-11-16T19:00:16.801962" rpa="false" schemaversion="5">
<suite id="s1" name="Tests" source="/home/nkampman/webcounter/src/tests">
<suite id="s1-s1" name="Increment" source="/home/nkampman/webcounter/src/tests/increment.robot">
<kw name="Open And Configure Browser" owner="resource" type="SETUP">
<if>
<branch type="IF" condition="$BROWSER == 'chrome'">
<kw name="Evaluate" owner="BuiltIn">
<msg time="2025-11-16T19:00:16.889173" level="INFO">${options} = &lt;selenium.webdriver.chrome.options.Options object at 0x7f82ac095a30&gt;</msg>
<var>${options}</var>
<arg>sys.modules['selenium.webdriver'].ChromeOptions()</arg>
<arg>sys</arg>
<doc>Evaluates the given expression in Python and returns the result.</doc>
<status status="PASS" start="2025-11-16T19:00:16.888909" elapsed="0.000297"/>
</kw>
<kw name="Call Method" owner="BuiltIn">
<arg>${options}</arg>
<arg>add_argument</arg>
<arg>--incognito</arg>
<doc>Calls the named method of the given object with the provided arguments.</doc>
<status status="PASS" start="2025-11-16T19:00:16.889317" elapsed="0.000105"/>
</kw>
<status status="PASS" start="2025-11-16T19:00:16.888465" elapsed="0.000994"/>
</branch>
<branch type="ELSE IF" condition="$BROWSER == 'firefox'">
<kw name="Evaluate" owner="BuiltIn">
<var>${options}</var>
<arg>sys.modules['selenium.webdriver'].FirefoxOptions()</arg>
<arg>sys</arg>
<doc>Evaluates the given expression in Python and returns the result.</doc>
<status status="NOT RUN" start="2025-11-16T19:00:16.889560" elapsed="0.000017"/>
</kw>
<kw name="Call Method" owner="BuiltIn">
<arg>${options}</arg>
<arg>add_argument</arg>
<arg>--private-window</arg>
<doc>Calls the named method of the given object with the provided arguments.</doc>
<status status="NOT RUN" start="2025-11-16T19:00:16.889637" elapsed="0.000015"/>
</kw>
<status status="NOT RUN" start="2025-11-16T19:00:16.889493" elapsed="0.000184"/>
</branch>
<status status="PASS" start="2025-11-16T19:00:16.888445" elapsed="0.001256"/>
</if>
<if>
<branch type="IF" condition="$HEADLESS == 'true'">
<kw name="Set Selenium Speed" owner="SeleniumLibrary">
<arg>0.05 seconds</arg>
<doc>Sets the delay that is waited after each Selenium command.</doc>
<status status="NOT RUN" start="2025-11-16T19:00:16.889876" elapsed="0.000018"/>
</kw>
<kw name="Call Method" owner="BuiltIn">
<arg>${options}</arg>
<arg>add_argument</arg>
<arg>--headless</arg>
<doc>Calls the named method of the given object with the provided arguments.</doc>
<status status="NOT RUN" start="2025-11-16T19:00:16.889950" elapsed="0.000018"/>
</kw>
<status status="NOT RUN" start="2025-11-16T19:00:16.889748" elapsed="0.000244"/>
</branch>
<branch type="ELSE">
<kw name="Set Selenium Speed" owner="SeleniumLibrary">
<arg>${DELAY}</arg>
<doc>Sets the delay that is waited after each Selenium command.</doc>
<status status="PASS" start="2025-11-16T19:00:16.890071" elapsed="0.000190"/>
</kw>
<status status="PASS" start="2025-11-16T19:00:16.890016" elapsed="0.000279"/>
</branch>
<status status="PASS" start="2025-11-16T19:00:16.889736" elapsed="0.000583"/>
</if>
<kw name="Open Browser" owner="SeleniumLibrary">
<msg time="2025-11-16T19:00:16.890562" level="INFO">Opening browser 'chrome' to base url 'None'.</msg>
<arg>browser=${BROWSER}</arg>
<arg>options=${options}</arg>
<doc>Opens a new browser instance to the optional ``url``.</doc>
<status status="PASS" start="2025-11-16T19:00:16.890387" elapsed="0.357891"/>
</kw>
<status status="PASS" start="2025-11-16T19:00:16.888305" elapsed="0.360082"/>
</kw>
<test id="s1-s1-t1" name="At start the counter is zero" line="7">
<kw name="Go To" owner="SeleniumLibrary">
<msg time="2025-11-16T19:00:17.248919" level="INFO">Opening url 'http://localhost:5001'</msg>
<arg>${HOME_URL}</arg>
<doc>Navigates the current browser window to the provided ``url``.</doc>
<status status="PASS" start="2025-11-16T19:00:17.248776" elapsed="0.591092"/>
</kw>
<kw name="Title Should Be" owner="SeleniumLibrary">
<msg time="2025-11-16T19:00:18.350748" level="INFO">Page title is 'Laskuri'.</msg>
<arg>Laskuri</arg>
<doc>Verifies that the current page title equals ``title``.</doc>
<status status="PASS" start="2025-11-16T19:00:17.840834" elapsed="0.510328"/>
</kw>
<kw name="Page Should Contain" owner="SeleniumLibrary">
<msg time="2025-11-16T19:00:19.381857" level="INFO">Current page contains text 'nappia painettu 0 kertaa'.</msg>
<arg>nappia painettu 0 kertaa</arg>
<doc>Verifies that current page contains ``text``.</doc>
<status status="PASS" start="2025-11-16T19:00:18.352003" elapsed="1.029952"/>
</kw>
<status status="PASS" start="2025-11-16T19:00:17.248455" elapsed="2.133663"/>
</test>
<test id="s1-s1-t2" name="When button pressed twice the counter is two" line="12">
<kw name="Go To" owner="SeleniumLibrary">
<msg time="2025-11-16T19:00:19.382700" level="INFO">Opening url 'http://localhost:5001'</msg>
<arg>${HOME_URL}</arg>
<doc>Navigates the current browser window to the provided ``url``.</doc>
<status status="PASS" start="2025-11-16T19:00:19.382569" elapsed="0.535114"/>
</kw>
<kw name="Click Button" owner="SeleniumLibrary">
<msg time="2025-11-16T19:00:19.919601" level="INFO">Clicking button 'Paina'.</msg>
<arg>Paina</arg>
<doc>Clicks the button identified by ``locator``.</doc>
<status status="PASS" start="2025-11-16T19:00:19.918513" elapsed="2.147816"/>
</kw>
<kw name="Click Button" owner="SeleniumLibrary">
<msg time="2025-11-16T19:00:22.068300" level="INFO">Clicking button 'Paina'.</msg>
<arg>Paina</arg>
<doc>Clicks the button identified by ``locator``.</doc>
<status status="PASS" start="2025-11-16T19:00:22.067519" elapsed="2.124935"/>
</kw>
<kw name="Page Should Contain" owner="SeleniumLibrary">
<msg time="2025-11-16T19:00:25.212846" level="INFO">Current page contains text 'nappia painettu 2 kertaa'.</msg>
<arg>nappia painettu 2 kertaa</arg>
<doc>Verifies that current page contains ``text``.</doc>
<status status="PASS" start="2025-11-16T19:00:24.193100" elapsed="1.020115"/>
</kw>
<status status="PASS" start="2025-11-16T19:00:19.382303" elapsed="5.831634"/>
</test>
<kw name="Close Browser" owner="SeleniumLibrary" type="TEARDOWN">
<doc>Closes the current browser.</doc>
<status status="PASS" start="2025-11-16T19:00:25.215518" elapsed="0.580311"/>
</kw>
<status status="PASS" start="2025-11-16T19:00:16.817340" elapsed="8.978621"/>
</suite>
<suite id="s1-s2" name="Reset" source="/home/nkampman/webcounter/src/tests/reset.robot">
<kw name="Open And Configure Browser" owner="resource" type="SETUP">
<if>
<branch type="IF" condition="$BROWSER == 'chrome'">
<kw name="Evaluate" owner="BuiltIn">
<msg time="2025-11-16T19:00:25.800611" level="INFO">${options} = &lt;selenium.webdriver.chrome.options.Options object at 0x7f82ac0bba40&gt;</msg>
<var>${options}</var>
<arg>sys.modules['selenium.webdriver'].ChromeOptions()</arg>
<arg>sys</arg>
<doc>Evaluates the given expression in Python and returns the result.</doc>
<status status="PASS" start="2025-11-16T19:00:25.800282" elapsed="0.000371"/>
</kw>
<kw name="Call Method" owner="BuiltIn">
<arg>${options}</arg>
<arg>add_argument</arg>
<arg>--incognito</arg>
<doc>Calls the named method of the given object with the provided arguments.</doc>
<status status="PASS" start="2025-11-16T19:00:25.800788" elapsed="0.000156"/>
</kw>
<status status="PASS" start="2025-11-16T19:00:25.800001" elapsed="0.001001"/>
</branch>
<branch type="ELSE IF" condition="$BROWSER == 'firefox'">
<kw name="Evaluate" owner="BuiltIn">
<var>${options}</var>
<arg>sys.modules['selenium.webdriver'].FirefoxOptions()</arg>
<arg>sys</arg>
<doc>Evaluates the given expression in Python and returns the result.</doc>
<status status="NOT RUN" start="2025-11-16T19:00:25.801170" elapsed="0.000037"/>
</kw>
<kw name="Call Method" owner="BuiltIn">
<arg>${options}</arg>
<arg>add_argument</arg>
<arg>--private-window</arg>
<doc>Calls the named method of the given object with the provided arguments.</doc>
<status status="NOT RUN" start="2025-11-16T19:00:25.801341" elapsed="0.000035"/>
</kw>
<status status="NOT RUN" start="2025-11-16T19:00:25.801055" elapsed="0.000378"/>
</branch>
<status status="PASS" start="2025-11-16T19:00:25.799972" elapsed="0.001509"/>
</if>
<if>
<branch type="IF" condition="$HEADLESS == 'true'">
<kw name="Set Selenium Speed" owner="SeleniumLibrary">
<arg>0.05 seconds</arg>
<doc>Sets the delay that is waited after each Selenium command.</doc>
<status status="NOT RUN" start="2025-11-16T19:00:25.801919" elapsed="0.000041"/>
</kw>
<kw name="Call Method" owner="BuiltIn">
<arg>${options}</arg>
<arg>add_argument</arg>
<arg>--headless</arg>
<doc>Calls the named method of the given object with the provided arguments.</doc>
<status status="NOT RUN" start="2025-11-16T19:00:25.802076" elapsed="0.000035"/>
</kw>
<status status="NOT RUN" start="2025-11-16T19:00:25.801658" elapsed="0.000509"/>
</branch>
<branch type="ELSE">
<kw name="Set Selenium Speed" owner="SeleniumLibrary">
<arg>${DELAY}</arg>
<doc>Sets the delay that is waited after each Selenium command.</doc>
<status status="PASS" start="2025-11-16T19:00:25.802328" elapsed="0.000269"/>
</kw>
<status status="PASS" start="2025-11-16T19:00:25.802214" elapsed="0.000438"/>
</branch>
<status status="PASS" start="2025-11-16T19:00:25.801633" elapsed="0.001233"/>
</if>
<kw name="Open Browser" owner="SeleniumLibrary">
<msg time="2025-11-16T19:00:25.803195" level="INFO">Opening browser 'chrome' to base url 'None'.</msg>
<arg>browser=${BROWSER}</arg>
<arg>options=${options}</arg>
<doc>Opens a new browser instance to the optional ``url``.</doc>
<status status="PASS" start="2025-11-16T19:00:25.802998" elapsed="0.383727"/>
</kw>
<status status="PASS" start="2025-11-16T19:00:25.799768" elapsed="0.387113"/>
</kw>
<test id="s1-s2-t1" name="When counter has a nonzero value and it is reset the value becomes zero" line="7">
<kw name="Go To" owner="SeleniumLibrary">
<msg time="2025-11-16T19:00:26.187658" level="INFO">Opening url 'http://localhost:5001'</msg>
<arg>${HOME_URL}</arg>
<doc>Navigates the current browser window to the provided ``url``.</doc>
<status status="PASS" start="2025-11-16T19:00:26.187462" elapsed="0.563901"/>
</kw>
<kw name="Click Button" owner="SeleniumLibrary">
<msg time="2025-11-16T19:00:26.753131" level="INFO">Clicking button 'Nollaa'.</msg>
<arg>Nollaa</arg>
<doc>Clicks the button identified by ``locator``.</doc>
<status status="PASS" start="2025-11-16T19:00:26.752461" elapsed="2.141640"/>
</kw>
<kw name="Page Should Contain" owner="SeleniumLibrary">
<msg time="2025-11-16T19:00:29.924364" level="INFO">Current page contains text 'nappia painettu 0 kertaa'.</msg>
<arg>nappia painettu 0 kertaa</arg>
<doc>Verifies that current page contains ``text``.</doc>
<status status="PASS" start="2025-11-16T19:00:28.894860" elapsed="1.029648"/>
</kw>
<status status="PASS" start="2025-11-16T19:00:26.186976" elapsed="3.737774"/>
</test>
<kw name="Close Browser" owner="SeleniumLibrary" type="TEARDOWN">
<doc>Closes the current browser.</doc>
<status status="PASS" start="2025-11-16T19:00:29.925257" elapsed="0.557551"/>
</kw>
<status status="PASS" start="2025-11-16T19:00:25.796929" elapsed="4.686052"/>
</suite>
<suite id="s1-s3" name="Set Value" source="/home/nkampman/webcounter/src/tests/set_value.robot">
<kw name="Open And Configure Browser" owner="resource" type="SETUP">
<if>
<branch type="IF" condition="$BROWSER == 'chrome'">
<kw name="Evaluate" owner="BuiltIn">
<msg time="2025-11-16T19:00:30.489706" level="INFO">${options} = &lt;selenium.webdriver.chrome.options.Options object at 0x7f82abf08620&gt;</msg>
<var>${options}</var>
<arg>sys.modules['selenium.webdriver'].ChromeOptions()</arg>
<arg>sys</arg>
<doc>Evaluates the given expression in Python and returns the result.</doc>
<status status="PASS" start="2025-11-16T19:00:30.489025" elapsed="0.000757"/>
</kw>
<kw name="Call Method" owner="BuiltIn">
<arg>${options}</arg>
<arg>add_argument</arg>
<arg>--incognito</arg>
<doc>Calls the named method of the given object with the provided arguments.</doc>
<status status="PASS" start="2025-11-16T19:00:30.490009" elapsed="0.000270"/>
</kw>
<status status="PASS" start="2025-11-16T19:00:30.488618" elapsed="0.001739"/>
</branch>
<branch type="ELSE IF" condition="$BROWSER == 'firefox'">
<kw name="Evaluate" owner="BuiltIn">
<var>${options}</var>
<arg>sys.modules['selenium.webdriver'].FirefoxOptions()</arg>
<arg>sys</arg>
<doc>Evaluates the given expression in Python and returns the result.</doc>
<status status="NOT RUN" start="2025-11-16T19:00:30.490589" elapsed="0.000039"/>
</kw>
<kw name="Call Method" owner="BuiltIn">
<arg>${options}</arg>
<arg>add_argument</arg>
<arg>--private-window</arg>
<doc>Calls the named method of the given object with the provided arguments.</doc>
<status status="NOT RUN" start="2025-11-16T19:00:30.490759" elapsed="0.000034"/>
</kw>
<status status="NOT RUN" start="2025-11-16T19:00:30.490426" elapsed="0.000422"/>
</branch>
<status status="PASS" start="2025-11-16T19:00:30.488575" elapsed="0.002324"/>
</if>
<if>
<branch type="IF" condition="$HEADLESS == 'true'">
<kw name="Set Selenium Speed" owner="SeleniumLibrary">
<arg>0.05 seconds</arg>
<doc>Sets the delay that is waited after each Selenium command.</doc>
<status status="NOT RUN" start="2025-11-16T19:00:30.491271" elapsed="0.000039"/>
</kw>
<kw name="Call Method" owner="BuiltIn">
<arg>${options}</arg>
<arg>add_argument</arg>
<arg>--headless</arg>
<doc>Calls the named method of the given object with the provided arguments.</doc>
<status status="NOT RUN" start="2025-11-16T19:00:30.491436" elapsed="0.000038"/>
</kw>
<status status="NOT RUN" start="2025-11-16T19:00:30.490982" elapsed="0.000547"/>
</branch>
<branch type="ELSE">
<kw name="Set Selenium Speed" owner="SeleniumLibrary">
<arg>${DELAY}</arg>
<doc>Sets the delay that is waited after each Selenium command.</doc>
<status status="PASS" start="2025-11-16T19:00:30.491713" elapsed="0.000364"/>
</kw>
<status status="PASS" start="2025-11-16T19:00:30.491580" elapsed="0.000578"/>
</branch>
<status status="PASS" start="2025-11-16T19:00:30.490958" elapsed="0.001255"/>
</if>
<kw name="Open Browser" owner="SeleniumLibrary">
<msg time="2025-11-16T19:00:30.492812" level="INFO">Opening browser 'chrome' to base url 'None'.</msg>
<arg>browser=${BROWSER}</arg>
<arg>options=${options}</arg>
<doc>Opens a new browser instance to the optional ``url``.</doc>
<status status="PASS" start="2025-11-16T19:00:30.492437" elapsed="0.362877"/>
</kw>
<status status="PASS" start="2025-11-16T19:00:30.488275" elapsed="0.367128"/>
</kw>
<test id="s1-s3-t1" name="When counter value set to 10 it increases by 10" line="7">
<kw name="Go To" owner="SeleniumLibrary">
<msg time="2025-11-16T19:00:30.855867" level="INFO">Opening url 'http://localhost:5001'</msg>
<arg>${HOME_URL}</arg>
<doc>Navigates the current browser window to the provided ``url``.</doc>
<status status="PASS" start="2025-11-16T19:00:30.855741" elapsed="0.569227"/>
</kw>
<kw name="Input Text" owner="SeleniumLibrary">
<msg time="2025-11-16T19:00:31.426041" level="INFO">Typing text '10' into text field 'input_value'.</msg>
<arg>input_value</arg>
<arg>10</arg>
<doc>Types the given ``text`` into the text field identified by ``locator``.</doc>
<status status="PASS" start="2025-11-16T19:00:31.425534" elapsed="1.650369"/>
</kw>
<kw name="Click Button" owner="SeleniumLibrary">
<msg time="2025-11-16T19:00:33.077413" level="INFO">Clicking button 'aseta'.</msg>
<arg>aseta</arg>
<doc>Clicks the button identified by ``locator``.</doc>
<status status="PASS" start="2025-11-16T19:00:33.076733" elapsed="2.166605"/>
</kw>
<kw name="Page Should Contain" owner="SeleniumLibrary">
<msg time="2025-11-16T19:00:36.270335" level="INFO">Current page contains text 'nappia painettu 10 kertaa'.</msg>
<arg>nappia painettu 10 kertaa</arg>
<doc>Verifies that current page contains ``text``.</doc>
<status status="PASS" start="2025-11-16T19:00:35.243609" elapsed="1.027467"/>
</kw>
<status status="PASS" start="2025-11-16T19:00:30.855460" elapsed="5.416435"/>
</test>
<kw name="Close Browser" owner="SeleniumLibrary" type="TEARDOWN">
<doc>Closes the current browser.</doc>
<status status="PASS" start="2025-11-16T19:00:36.273172" elapsed="0.560282"/>
</kw>
<status status="PASS" start="2025-11-16T19:00:30.484183" elapsed="6.349423"/>
</suite>
<status status="PASS" start="2025-11-16T19:00:16.802695" elapsed="20.031952"/>
</suite>
<statistics>
<total>
<stat pass="4" fail="0" skip="0">All Tests</stat>
</total>
<tag>
</tag>
<suite>
<stat name="Tests" id="s1" pass="4" fail="0" skip="0">Tests</stat>
<stat name="Increment" id="s1-s1" pass="2" fail="0" skip="0">Tests.Increment</stat>
<stat name="Reset" id="s1-s2" pass="1" fail="0" skip="0">Tests.Reset</stat>
<stat name="Set Value" id="s1-s3" pass="1" fail="0" skip="0">Tests.Set Value</stat>
</suite>
</statistics>
<errors>
</errors>
</robot>
