<?xml version="1.0" encoding="UTF-8"?>
<robot generator="Robot 7.3.2 (Python 3.12.3 on linux)" generated="2025-11-16T17:25:51.487276" rpa="false" schemaversion="5">
<suite id="s1" name="Tests" source="/home/nkampman/webcounter/webcounter/src/tests">
<suite id="s1-s1" name="Increment" source="/home/nkampman/webcounter/webcounter/src/tests/increment.robot">
<kw name="Open And Configure Browser" owner="resource" type="SETUP">
<kw name="Set Selenium Speed" owner="SeleniumLibrary">
<arg>${DELAY}</arg>
<doc>Sets the delay that is waited after each Selenium command.</doc>
<status status="PASS" start="2025-11-16T17:25:51.571387" elapsed="0.000230"/>
</kw>
<kw name="Open Browser" owner="SeleniumLibrary">
<msg time="2025-11-16T17:25:51.571888" level="INFO">Opening browser 'firefox' to base url 'None'.</msg>
<arg>browser=${BROWSER}</arg>
<doc>Opens a new browser instance to the optional ``url``.</doc>
<status status="PASS" start="2025-11-16T17:25:51.571740" elapsed="1.491702"/>
</kw>
<status status="PASS" start="2025-11-16T17:25:51.570992" elapsed="1.492612"/>
</kw>
<test id="s1-s1-t1" name="At start the counter is zero" line="7">
<kw name="Go To" owner="SeleniumLibrary">
<msg time="2025-11-16T17:25:53.064529" level="INFO">Opening url 'http://localhost:5001'</msg>
<arg>${HOME_URL}</arg>
<doc>Navigates the current browser window to the provided ``url``.</doc>
<status status="PASS" start="2025-11-16T17:25:53.064214" elapsed="0.595987"/>
</kw>
<kw name="Title Should Be" owner="SeleniumLibrary">
<msg time="2025-11-16T17:25:54.165553" level="INFO">Page title is 'Laskuri'.</msg>
<arg>Laskuri</arg>
<doc>Verifies that the current page title equals ``title``.</doc>
<status status="PASS" start="2025-11-16T17:25:53.660976" elapsed="0.504802"/>
</kw>
<kw name="Page Should Contain" owner="SeleniumLibrary">
<msg time="2025-11-16T17:25:55.203366" level="INFO">Current page contains text 'nappia painettu 0 kertaa'.</msg>
<arg>nappia painettu 0 kertaa</arg>
<doc>Verifies that current page contains ``text``.</doc>
<status status="PASS" start="2025-11-16T17:25:54.166247" elapsed="1.037939"/>
</kw>
<status status="PASS" start="2025-11-16T17:25:53.063705" elapsed="2.141360"/>
</test>
<test id="s1-s1-t2" name="When button pressed twice the counter is two" line="12">
<kw name="Go To" owner="SeleniumLibrary">
<msg time="2025-11-16T17:25:55.207438" level="INFO">Opening url 'http://localhost:5001'</msg>
<arg>${HOME_URL}</arg>
<doc>Navigates the current browser window to the provided ``url``.</doc>
<status status="PASS" start="2025-11-16T17:25:55.206933" elapsed="0.565281"/>
</kw>
<kw name="Click Button" owner="SeleniumLibrary">
<msg time="2025-11-16T17:25:55.774767" level="INFO">Clicking button 'Paina'.</msg>
<arg>Paina</arg>
<doc>Clicks the button identified by ``locator``.</doc>
<status status="PASS" start="2025-11-16T17:25:55.773314" elapsed="2.086032"/>
</kw>
<kw name="Click Button" owner="SeleniumLibrary">
<msg time="2025-11-16T17:25:57.860763" level="INFO">Clicking button 'Paina'.</msg>
<arg>Paina</arg>
<doc>Clicks the button identified by ``locator``.</doc>
<status status="PASS" start="2025-11-16T17:25:57.860080" elapsed="2.086367"/>
</kw>
<kw name="Page Should Contain" owner="SeleniumLibrary">
<msg time="2025-11-16T17:26:00.963746" level="INFO">Current page contains text 'nappia painettu 2 kertaa'.</msg>
<arg>nappia painettu 2 kertaa</arg>
<doc>Verifies that current page contains ``text``.</doc>
<status status="PASS" start="2025-11-16T17:25:59.947189" elapsed="1.016991"/>
</kw>
<status status="PASS" start="2025-11-16T17:25:55.205913" elapsed="5.759691"/>
</test>
<kw name="Close Browser" owner="SeleniumLibrary" type="TEARDOWN">
<doc>Closes the current browser.</doc>
<status status="PASS" start="2025-11-16T17:26:00.967532" elapsed="1.130024"/>
</kw>
<status status="PASS" start="2025-11-16T17:25:51.501677" elapsed="10.595985"/>
</suite>
<suite id="s1-s2" name="Reset" source="/home/nkampman/webcounter/webcounter/src/tests/reset.robot">
<kw name="Open And Configure Browser" owner="resource" type="SETUP">
<kw name="Set Selenium Speed" owner="SeleniumLibrary">
<arg>${DELAY}</arg>
<doc>Sets the delay that is waited after each Selenium command.</doc>
<status status="PASS" start="2025-11-16T17:26:02.100992" elapsed="0.000368"/>
</kw>
<kw name="Open Browser" owner="SeleniumLibrary">
<msg time="2025-11-16T17:26:02.101812" level="INFO">Opening browser 'firefox' to base url 'None'.</msg>
<arg>browser=${BROWSER}</arg>
<doc>Opens a new browser instance to the optional ``url``.</doc>
<status status="PASS" start="2025-11-16T17:26:02.101561" elapsed="1.586587"/>
</kw>
<status status="PASS" start="2025-11-16T17:26:02.100736" elapsed="1.587642"/>
</kw>
<test id="s1-s2-t1" name="When counter has a nonzero value and it is reset the value becomes zero" line="7">
<kw name="Go To" owner="SeleniumLibrary">
<msg time="2025-11-16T17:26:03.689547" level="INFO">Opening url 'http://localhost:5001'</msg>
<arg>${HOME_URL}</arg>
<doc>Navigates the current browser window to the provided ``url``.</doc>
<status status="PASS" start="2025-11-16T17:26:03.689185" elapsed="0.595502"/>
</kw>
<kw name="Click Button" owner="SeleniumLibrary">
<msg time="2025-11-16T17:26:04.285072" level="INFO">Clicking button 'Nollaa'.</msg>
<arg>Nollaa</arg>
<doc>Clicks the button identified by ``locator``.</doc>
<status status="PASS" start="2025-11-16T17:26:04.284897" elapsed="2.090417"/>
</kw>
<kw name="Page Should Contain" owner="SeleniumLibrary">
<msg time="2025-11-16T17:26:07.392043" level="INFO">Current page contains text 'nappia painettu 0 kertaa'.</msg>
<arg>nappia painettu 0 kertaa</arg>
<doc>Verifies that current page contains ``text``.</doc>
<status status="PASS" start="2025-11-16T17:26:06.376432" elapsed="1.016674"/>
</kw>
<status status="PASS" start="2025-11-16T17:26:03.688502" elapsed="3.705499"/>
</test>
<kw name="Close Browser" owner="SeleniumLibrary" type="TEARDOWN">
<doc>Closes the current browser.</doc>
<status status="PASS" start="2025-11-16T17:26:07.395347" elapsed="1.121206"/>
</kw>
<status status="PASS" start="2025-11-16T17:26:02.098354" elapsed="6.418379"/>
</suite>
<status status="PASS" start="2025-11-16T17:25:51.487894" elapsed="17.029947"/>
</suite>
<statistics>
<total>
<stat pass="3" fail="0" skip="0">All Tests</stat>
</total>
<tag>
</tag>
<suite>
<stat name="Tests" id="s1" pass="3" fail="0" skip="0">Tests</stat>
<stat name="Increment" id="s1-s1" pass="2" fail="0" skip="0">Tests.Increment</stat>
<stat name="Reset" id="s1-s2" pass="1" fail="0" skip="0">Tests.Reset</stat>
</suite>
</statistics>
<errors>
</errors>
</robot>
